<?xml version="1.0" encoding="UTF-8"?>
<!-- Generated by org.testng.reporters.JUnitReportReporter -->
<testsuite hostname="Supriya-Laptop" failures="0" tests="2" name="com.jobs.test.restapi.PutApiTest" time="2.028" errors="0" timestamp="2021-09-08T14:45:30 CDT" skipped="0">
  <testcase classname="com.jobs.test.restapi.PutApiTest" name="testCreateProgram" time="0.262"/>
  <system-out/>
  <testcase classname="com.jobs.test.restapi.PutApiTest" name="testCreateProgram" time="1.766"/>
  <system-out/>
</testsuite> <!-- com.jobs.test.restapi.PutApiTest -->
