<?xml version="1.0" encoding="UTF-8"?>
<!-- Generated by org.testng.reporters.JUnitReportReporter -->
<testsuite hostname="Supriya-Laptop" failures="0" tests="1" name="com.jobs.test.restapi.DeleteApiTest" time="0.000" errors="0" timestamp="2021-09-08T15:11:26 CDT" skipped="1">
  <testcase classname="com.jobs.test.restapi.DeleteApiTest" name="testCreateProgram" time="0.000">
    <skipped/>
  </testcase> <!-- testCreateProgram -->
  <system-out/>
</testsuite> <!-- com.jobs.test.restapi.DeleteApiTest -->
