<?xml version="1.0" encoding="UTF-8"?>
<!-- Generated by org.testng.reporters.JUnitReportReporter -->
<testsuite hostname="Supriya-Laptop" failures="0" tests="1" name="com.jobs.test.restapi.GetApiTest" time="1.613" errors="0" timestamp="2021-09-08T14:49:36 CDT" skipped="0">
  <testcase classname="com.jobs.test.restapi.GetApiTest" name="testGetAllPrograms" time="1.613"/>
  <system-out/>
</testsuite> <!-- com.jobs.test.restapi.GetApiTest -->
